22:56:10,INFO,TerminScraper is being initialized
22:56:17,INFO,Main page is succeed to request
22:56:18,INFO,Succeded to find the element book appointment button
22:56:22,INFO,Succeded to click book appointment button
22:56:31,INFO,Succeded to find the element accept terms checkbox
22:56:33,INFO,Succeded to click accept terms checkbox
22:56:33,INFO,Succeded to find the element accept terms button
22:56:35,INFO,Succeded to click accept terms button
22:56:44,INFO,Succeded to find the element Citizenship
22:56:46,INFO,Succeded to select value: 461
22:56:46,INFO,Succeded to find the element Applications Count
22:56:48,INFO,Succeded to select value: 1
22:56:48,INFO,Succeded to find the element Family member
22:56:50,INFO,Succeded to select value: 2
22:56:51,INFO,Succeded to find the element set visa group
22:56:53,INFO,Succeded to click set visa group
22:56:54,INFO,Succeded to find the element set visa type
22:56:56,INFO,Succeded to click set visa type
22:56:56,INFO,Succeded to find the element click blue card
22:56:58,INFO,Succeded to click click blue card
22:56:58,INFO,Succeded to find the element next button
22:57:00,INFO,Succeded to click next button
22:57:00,INFO,Page is loading
22:57:01,INFO,Page is loading
22:57:02,INFO,Page is loading
22:57:04,INFO,Page is loading
22:57:05,INFO,No appointment, starting to process again in 15 seconds ...
22:57:20,INFO,Main page is succeed to request
22:57:21,INFO,Succeded to find the element book appointment button
22:57:25,INFO,Succeded to click book appointment button
22:57:30,INFO,Succeded to find the element accept terms checkbox
22:57:32,INFO,Succeded to click accept terms checkbox
22:57:32,INFO,Succeded to find the element accept terms button
22:57:34,INFO,Succeded to click accept terms button
22:57:41,INFO,Succeded to find the element Citizenship
22:57:43,INFO,Succeded to select value: 461
22:57:43,INFO,Succeded to find the element Applications Count
22:57:45,INFO,Succeded to select value: 1
22:57:46,INFO,Succeded to find the element Family member
22:57:48,INFO,Succeded to select value: 2
22:57:48,INFO,Succeded to find the element set visa group
22:57:50,INFO,Succeded to click set visa group
22:57:51,INFO,Succeded to find the element set visa type
22:57:53,INFO,Succeded to click set visa type
22:57:54,INFO,Succeded to find the element click blue card
22:57:56,INFO,Succeded to click click blue card
22:57:56,INFO,Succeded to find the element next button
22:57:58,INFO,Succeded to click next button
22:57:58,INFO,Page is loading
22:57:59,INFO,Page is loading
22:58:00,INFO,Page is loading
22:58:01,INFO,Page is loading
22:58:02,INFO,No appointment, starting to process again in 15 seconds ...
22:58:18,INFO,Main page is succeed to request
22:58:19,INFO,Succeded to find the element book appointment button
22:58:22,INFO,Succeded to click book appointment button
22:58:23,INFO,Succeded to find the element accept terms checkbox
22:58:25,INFO,Succeded to click accept terms checkbox
22:58:25,INFO,Succeded to find the element accept terms button
22:58:28,INFO,Succeded to click accept terms button
22:58:35,INFO,Succeded to find the element Citizenship
22:58:37,INFO,Succeded to select value: 461
22:58:37,INFO,Succeded to find the element Applications Count
22:58:39,INFO,Succeded to select value: 1
22:58:39,INFO,Succeded to find the element Family member
22:58:41,INFO,Succeded to select value: 2
22:58:42,INFO,Succeded to find the element set visa group
22:58:44,INFO,Succeded to click set visa group
22:58:45,INFO,Succeded to find the element set visa type
22:58:47,INFO,Succeded to click set visa type
22:58:47,INFO,Succeded to find the element click blue card
22:58:50,INFO,Succeded to click click blue card
22:58:50,INFO,Succeded to find the element next button
22:58:52,INFO,Succeded to click next button
22:58:52,INFO,Page is loading
22:58:53,INFO,Page is loading
22:58:54,INFO,Page is loading
22:58:55,INFO,Page is loading
22:58:56,INFO,No appointment, starting to process again in 15 seconds ...
22:59:12,INFO,Main page is succeed to request
22:59:13,INFO,Succeded to find the element book appointment button
22:59:16,INFO,Succeded to click book appointment button
22:59:22,INFO,Succeded to find the element accept terms checkbox
22:59:24,INFO,Succeded to click accept terms checkbox
22:59:24,INFO,Succeded to find the element accept terms button
22:59:26,INFO,Succeded to click accept terms button
22:59:33,INFO,Succeded to find the element Citizenship
22:59:35,INFO,Succeded to select value: 461
22:59:35,INFO,Succeded to find the element Applications Count
22:59:38,INFO,Succeded to select value: 1
22:59:38,INFO,Succeded to find the element Family member
22:59:40,INFO,Succeded to select value: 2
22:59:40,INFO,Succeded to find the element set visa group
22:59:42,INFO,Succeded to click set visa group
22:59:43,INFO,Succeded to find the element set visa type
22:59:45,INFO,Succeded to click set visa type
22:59:46,INFO,Succeded to find the element click blue card
22:59:48,INFO,Succeded to click click blue card
22:59:48,INFO,Succeded to find the element next button
22:59:50,INFO,Succeded to click next button
22:59:50,INFO,Page is loading
22:59:51,INFO,Page is loading
22:59:52,INFO,Page is loading
22:59:53,INFO,Page is loading
22:59:54,INFO,No appointment, starting to process again in 15 seconds ...
23:00:09,INFO,Main page is succeed to request
23:00:11,INFO,Succeded to find the element book appointment button
23:00:14,INFO,Succeded to click book appointment button
23:00:16,INFO,Succeded to find the element accept terms checkbox
23:00:18,INFO,Succeded to click accept terms checkbox
23:00:18,INFO,Succeded to find the element accept terms button
23:00:20,INFO,Succeded to click accept terms button
23:00:27,INFO,Succeded to find the element Citizenship
23:00:29,INFO,Succeded to select value: 461
23:00:29,INFO,Succeded to find the element Applications Count
23:00:32,INFO,Succeded to select value: 1
23:00:32,INFO,Succeded to find the element Family member
23:00:34,INFO,Succeded to select value: 2
23:00:34,INFO,Succeded to find the element set visa group
23:00:36,INFO,Succeded to click set visa group
23:00:37,INFO,Succeded to find the element set visa type
23:00:39,INFO,Succeded to click set visa type
23:00:40,INFO,Succeded to find the element click blue card
23:00:42,INFO,Succeded to click click blue card
23:00:42,INFO,Succeded to find the element next button
23:00:44,INFO,Succeded to click next button
23:00:44,INFO,Page is loading
23:00:45,INFO,Page is loading
23:00:46,INFO,Page is loading
23:00:47,INFO,Page is loading
23:00:48,INFO,Page is loading
23:00:49,INFO,No appointment, starting to process again in 15 seconds ...
23:01:05,INFO,Main page is succeed to request
23:01:06,INFO,Succeded to find the element book appointment button
23:01:09,INFO,Succeded to click book appointment button
23:01:15,INFO,Succeded to find the element accept terms checkbox
23:01:17,INFO,Succeded to click accept terms checkbox
23:01:17,INFO,Succeded to find the element accept terms button
23:01:19,INFO,Succeded to click accept terms button
23:01:26,INFO,Succeded to find the element Citizenship
23:01:28,INFO,Succeded to select value: 461
23:01:28,INFO,Succeded to find the element Applications Count
23:01:30,INFO,Succeded to select value: 1
23:01:30,INFO,Succeded to find the element Family member
23:01:32,INFO,Succeded to select value: 2
23:01:32,INFO,Succeded to find the element set visa group
23:01:35,INFO,Succeded to click set visa group
23:01:35,INFO,Succeded to find the element set visa type
23:01:37,INFO,Succeded to click set visa type
23:01:38,INFO,Succeded to find the element click blue card
23:01:40,INFO,Succeded to click click blue card
23:01:40,INFO,Succeded to find the element next button
23:01:42,INFO,Succeded to click next button
23:01:42,INFO,Page is loading
23:01:43,INFO,Page is loading
23:01:44,INFO,Page is loading
23:01:46,INFO,Page is loading
23:01:47,INFO,No appointment, starting to process again in 15 seconds ...
23:02:02,INFO,Main page is succeed to request
23:02:03,INFO,Failed to reach webDriver
23:06:05,INFO,TerminScraper is being initialized
23:06:08,INFO,Main page is succeed to request
23:06:09,INFO,Succeded to find the element book appointment button
23:06:12,INFO,Succeded to click book appointment button
23:06:12,INFO,Looking for the element: accept terms checkbox
23:06:13,INFO,Looking for the element: accept terms checkbox
23:06:14,INFO,Succeded to find the element accept terms checkbox
23:06:17,INFO,Element:accept terms checkbox is not Interactable yet
23:06:18,INFO,Succeded to click accept terms checkbox
23:06:18,INFO,Succeded to find the element accept terms button
23:06:20,INFO,Succeded to click accept terms button
23:06:20,INFO,Looking for the element: Citizenship
23:06:21,INFO,Looking for the element: Citizenship
23:06:22,INFO,Looking for the element: Citizenship
23:06:23,INFO,Succeded to find the element Citizenship
23:06:25,INFO,Looking for the element: Citizenship
23:06:26,INFO,Looking for the element: Citizenship
23:06:28,INFO,Succeded to select value: 461
23:06:28,INFO,Succeded to find the element Applications Count
23:06:30,INFO,Succeded to select value: 1
23:06:30,INFO,Succeded to find the element Family member
23:06:32,INFO,Succeded to select value: 2
23:06:32,INFO,Looking for the element: set visa group
23:06:33,INFO,Succeded to find the element set visa group
23:06:35,INFO,Succeded to click set visa group
23:06:35,INFO,Looking for the element: set visa type
23:06:36,INFO,Succeded to find the element set visa type
23:06:38,INFO,Succeded to click set visa type
23:06:38,INFO,Looking for the element: click blue card
23:06:39,INFO,Succeded to find the element click blue card
23:06:41,INFO,Succeded to click click blue card
23:06:41,INFO,Succeded to find the element next button
23:06:44,INFO,Succeded to click next button
23:06:44,INFO,Page is loading
23:06:45,INFO,Page is loading
23:06:46,INFO,Page is loading
23:06:47,INFO,Page is loading
23:06:48,INFO,Page is loading
23:06:49,INFO,Page is loading
23:06:50,INFO,Page is loading
23:06:51,INFO,Page is loading
23:06:52,INFO,Page is loading
23:06:53,INFO,Page is loading
23:06:54,INFO,Page is loading
23:06:55,INFO,Page is loading
23:06:56,INFO,Page is loading
23:06:57,INFO,Page is loading
23:06:58,INFO,Page is loading
23:06:59,INFO,Page is loading
23:07:00,INFO,Page is loading
23:07:01,INFO,Page is loading
23:07:02,INFO,Page is loading
23:07:03,INFO,Page is loading
23:07:04,INFO,Page is loading
23:07:05,INFO,Page is loading
23:07:06,INFO,Page is loading
23:07:07,INFO,Page is loading
23:07:08,INFO,Page is loading
23:07:09,INFO,Page is loading
23:07:10,INFO,Page is loading
23:07:11,INFO,Page is loading
23:07:12,INFO,Page is loading
23:07:13,INFO,Page is loading
23:07:14,INFO,Page is loading
23:07:15,INFO,Page is loading
23:07:17,INFO,Page is loading
23:07:18,INFO,Page is loading
23:07:19,INFO,Page is loading
23:07:20,INFO,Page is loading
23:07:21,INFO,Page is loading
23:07:22,INFO,Page is loading
23:07:23,INFO,Page is loading
23:07:24,INFO,Page is loading
23:07:25,INFO,Page is loading
23:07:26,INFO,Page is loading
23:07:27,INFO,Page is loading
23:07:28,INFO,Page is loading
23:07:29,INFO,Page is loading
23:07:30,WARNING,Someproblem happend 
23:07:47,INFO,TerminScraper is being initialized
23:07:59,INFO,Main page is succeed to request
23:08:00,INFO,Succeded to find the element book appointment button
23:08:03,INFO,Succeded to click book appointment button
23:08:03,INFO,Looking for the element: accept terms checkbox
23:08:04,INFO,Looking for the element: accept terms checkbox
23:08:05,INFO,Succeded to find the element accept terms checkbox
23:08:08,INFO,Element:accept terms checkbox is not Interactable yet
23:08:09,INFO,Element:accept terms checkbox is not Interactable yet
23:08:10,INFO,Element:accept terms checkbox is not Interactable yet
23:08:11,INFO,Succeded to click accept terms checkbox
23:08:11,INFO,Succeded to find the element accept terms button
23:08:13,INFO,Succeded to click accept terms button
23:08:13,INFO,Looking for the element: Citizenship
23:08:14,INFO,Looking for the element: Citizenship
23:08:15,INFO,Looking for the element: Citizenship
23:08:16,INFO,Looking for the element: Citizenship
23:08:17,INFO,Succeded to find the element Citizenship
23:08:19,INFO,Looking for the element: Citizenship
23:08:20,INFO,Succeded to select value: 461
23:08:20,INFO,Succeded to find the element Applications Count
23:08:22,INFO,Succeded to select value: 1
23:08:22,INFO,Succeded to find the element Family member
23:08:24,INFO,Succeded to select value: 2
23:08:24,INFO,Looking for the element: set visa group
23:08:26,INFO,Looking for the element: set visa group
23:08:27,INFO,Looking for the element: set visa group
23:08:28,INFO,Looking for the element: set visa group
23:08:29,INFO,Looking for the element: set visa group
23:08:30,INFO,Looking for the element: set visa group
23:08:31,INFO,Succeded to find the element set visa group
23:08:33,INFO,Succeded to click set visa group
23:08:33,INFO,Looking for the element: set visa type
23:08:34,INFO,Succeded to find the element set visa type
23:08:36,INFO,Succeded to click set visa type
23:08:36,INFO,Looking for the element: click blue card
23:08:37,INFO,Succeded to find the element click blue card
23:08:39,INFO,Succeded to click click blue card
23:08:39,INFO,Succeded to find the element next button
23:08:41,INFO,Succeded to click next button
23:08:41,INFO,Page is loading
23:08:42,INFO,Page is loading
23:08:43,INFO,Page is loading
23:08:44,INFO,Page is loading
23:08:45,INFO,Page is loading
23:08:47,INFO,Page is loading
23:08:48,INFO,Page is loading
23:08:49,INFO,Page is loading
23:08:50,INFO,Page is loading
23:08:51,INFO,Page is loading
23:08:52,INFO,Page is loading
23:08:53,INFO,Page is loading
23:08:54,INFO,Page is loading
23:08:55,INFO,Page is loading
23:08:56,INFO,Page is loading
23:08:57,INFO,Page is loading
23:08:58,INFO,Page is loading
23:08:59,INFO,Page is loading
23:09:00,INFO,Page is loading
23:09:01,INFO,Page is loading
23:09:02,INFO,Page is loading
23:09:03,INFO,Page is loading
23:09:04,INFO,Page is loading
23:09:05,INFO,Page is loading
23:09:06,INFO,Page is loading
23:09:07,INFO,Page is loading
23:09:08,INFO,Page is loading
23:09:09,INFO,Page is loading
23:09:10,INFO,Page is loading
23:09:11,INFO,Page is loading
23:09:12,INFO,Page is loading
23:09:13,INFO,Page is loading
23:09:14,INFO,Page is loading
23:09:15,INFO,Page is loading
23:09:16,INFO,Page is loading
23:09:17,INFO,Page is loading
23:09:18,INFO,Page is loading
23:09:19,INFO,Page is loading
23:09:20,INFO,Page is loading
23:09:21,INFO,Page is loading
23:09:22,INFO,Page is loading
23:09:23,INFO,Page is loading
23:09:24,INFO,Page is loading
23:09:26,INFO,Page is loading
23:09:27,INFO,Page is loading
23:09:28,INFO,Page is loading
23:09:29,INFO,Page is loading
23:09:30,INFO,Page is loading
23:09:31,INFO,Page is loading
23:09:32,INFO,Page is loading
23:09:33,INFO,Page is loading
23:09:34,INFO,Page is loading
23:09:35,INFO,Page is loading
23:09:36,INFO,Page is loading
23:09:37,INFO,Page is loading
23:09:38,INFO,Page is loading
23:09:39,INFO,Page is loading
23:09:40,INFO,Page is loading
23:09:41,INFO,Page is loading
23:09:42,INFO,Page is loading
23:09:43,INFO,Page is loading
23:09:44,INFO,Page is loading
23:09:45,INFO,Page is loading
23:09:46,INFO,Page is loading
23:09:47,INFO,Page is loading
23:09:48,INFO,Page is loading
23:09:49,INFO,Page is loading
23:09:50,INFO,Page is loading
23:09:51,INFO,Page is loading
23:09:52,INFO,Page is loading
23:10:06,INFO,TerminScraper is being initialized
23:10:22,INFO,Main page is succeed to request
23:10:23,INFO,Succeded to find the element book appointment button
23:10:27,INFO,Succeded to click book appointment button
23:10:27,INFO,Looking for the element: accept terms checkbox
23:10:28,INFO,Looking for the element: accept terms checkbox
23:10:29,INFO,Looking for the element: accept terms checkbox
23:10:30,INFO,Looking for the element: accept terms checkbox
23:10:31,INFO,Succeded to find the element accept terms checkbox
23:10:33,INFO,Element:accept terms checkbox is not Interactable yet
23:10:34,INFO,Element:accept terms checkbox is not Interactable yet
23:10:35,INFO,Succeded to click accept terms checkbox
23:10:35,INFO,Succeded to find the element accept terms button
23:10:37,INFO,Succeded to click accept terms button
23:10:37,INFO,Looking for the element: Citizenship
23:10:38,INFO,Looking for the element: Citizenship
23:10:40,INFO,Looking for the element: Citizenship
23:10:41,INFO,Succeded to find the element Citizenship
23:10:43,INFO,Looking for the element: Citizenship
23:10:44,INFO,Looking for the element: Citizenship
23:10:45,INFO,Looking for the element: Citizenship
23:10:46,INFO,Looking for the element: Citizenship
23:10:47,INFO,Looking for the element: Citizenship
23:10:48,INFO,Looking for the element: Citizenship
23:10:49,INFO,Looking for the element: Citizenship
23:10:51,INFO,Succeded to select value: 461
23:10:51,INFO,Succeded to find the element Applications Count
23:10:53,INFO,Succeded to select value: 1
23:10:53,INFO,Succeded to find the element Family member
23:10:55,INFO,Succeded to select value: 2
23:10:55,INFO,Looking for the element: set visa group
23:10:56,INFO,Succeded to find the element set visa group
23:10:58,INFO,Succeded to click set visa group
23:10:58,INFO,Looking for the element: set visa type
23:10:59,INFO,Succeded to find the element set visa type
23:11:01,INFO,Succeded to click set visa type
23:11:01,INFO,Looking for the element: click blue card
23:11:02,INFO,Succeded to find the element click blue card
23:11:04,INFO,Succeded to click click blue card
23:11:04,INFO,Succeded to find the element next button
23:11:06,INFO,Succeded to click next button
23:11:07,INFO,Page is loading
23:11:08,INFO,Page is loading
23:11:09,INFO,Page is loading
23:11:10,INFO,Page is loading
23:11:11,INFO,Page is loading
23:11:12,INFO,No appointment, starting to process again in 15 seconds ...
23:13:06,INFO,TerminScraper is being initialized
23:13:09,INFO,Main page is succeed to request
23:13:10,INFO,Succeded to find the element book appointment button
23:13:13,INFO,Succeded to click book appointment button
23:13:13,INFO,Looking for the element: accept terms checkbox
23:13:14,INFO,Looking for the element: accept terms checkbox
23:13:15,INFO,Succeded to find the element accept terms checkbox
23:13:18,INFO,Succeded to click accept terms checkbox
23:13:18,INFO,Succeded to find the element accept terms button
23:13:20,INFO,Succeded to click accept terms button
23:13:20,INFO,Looking for the element: Citizenship
23:13:21,INFO,Looking for the element: Citizenship
23:13:22,INFO,Looking for the element: Citizenship
23:13:23,INFO,Succeded to find the element Citizenship
23:13:25,INFO,Looking for the element: Citizenship
23:13:26,INFO,Looking for the element: Citizenship
23:13:27,INFO,Looking for the element: Citizenship
23:13:28,INFO,Looking for the element: Citizenship
23:13:29,INFO,Looking for the element: Citizenship
23:13:31,INFO,Succeded to select value: 461
23:13:31,INFO,Succeded to find the element Applications Count
23:13:33,INFO,Succeded to select value: 1
23:13:33,INFO,Succeded to find the element Family member
23:13:35,INFO,Succeded to select value: 2
23:13:35,INFO,Looking for the element: set visa group
23:13:36,INFO,Succeded to find the element set visa group
23:13:38,INFO,Succeded to click set visa group
23:13:38,INFO,Looking for the element: set visa type
23:13:39,INFO,Succeded to find the element set visa type
23:13:41,INFO,Succeded to click set visa type
23:13:41,INFO,Looking for the element: click blue card
23:13:42,INFO,Succeded to find the element click blue card
23:13:44,INFO,Succeded to click click blue card
23:13:44,INFO,Succeded to find the element next button
23:13:46,INFO,Succeded to click next button
23:13:46,INFO,Page is loading
23:13:48,INFO,Page is loading
23:13:49,INFO,Page is loading
23:13:50,INFO,Page is loading
23:13:51,INFO,No appointment, starting to process again in 15 seconds ...
23:13:51,INFO,Looking for the element: next button
23:13:52,INFO,Looking for the element: next button
23:13:53,INFO,Looking for the element: next button
23:13:54,INFO,Looking for the element: next button
23:13:55,INFO,Looking for the element: next button
23:13:56,INFO,Looking for the element: next button
23:13:58,INFO,Looking for the element: next button
23:13:59,INFO,Looking for the element: next button
23:14:00,INFO,Looking for the element: next button
23:14:01,INFO,Looking for the element: next button
23:14:02,INFO,Looking for the element: next button
23:14:03,INFO,Looking for the element: next button
23:14:04,INFO,Looking for the element: next button
23:14:05,INFO,Looking for the element: next button
23:14:06,INFO,Looking for the element: next button
23:14:07,INFO,Looking for the element: next button
23:14:08,INFO,Looking for the element: next button
23:14:09,INFO,Looking for the element: next button
23:14:10,INFO,Looking for the element: next button
23:14:11,INFO,Looking for the element: next button
23:14:12,INFO,Looking for the element: next button
23:14:13,INFO,Looking for the element: next button
23:14:14,INFO,Looking for the element: next button
23:14:15,INFO,Looking for the element: next button
23:14:16,INFO,Looking for the element: next button
23:14:17,INFO,Looking for the element: next button
23:14:18,INFO,Looking for the element: next button
23:14:18,INFO,Failed to load the page withim limit
23:15:25,INFO,TerminScraper is being initialized
23:15:31,INFO,Main page is succeed to request
23:15:32,INFO,Succeded to find the element book appointment button
23:15:36,INFO,Succeded to click book appointment button
23:15:36,INFO,Looking for the element: accept terms checkbox
23:15:37,INFO,Looking for the element: accept terms checkbox
23:15:38,INFO,Succeded to find the element accept terms checkbox
23:15:40,INFO,Succeded to click accept terms checkbox
23:15:40,INFO,Succeded to find the element accept terms button
23:15:42,INFO,Succeded to click accept terms button
23:15:42,INFO,Looking for the element: Citizenship
23:15:43,INFO,Looking for the element: Citizenship
23:15:45,INFO,Looking for the element: Citizenship
23:15:46,INFO,Succeded to find the element Citizenship
23:15:48,INFO,Looking for the element: Citizenship
23:15:49,INFO,Looking for the element: Citizenship
23:15:50,INFO,Succeded to select value: 461
23:15:50,INFO,Succeded to find the element Applications Count
23:15:52,INFO,Succeded to select value: 1
23:15:52,INFO,Succeded to find the element Family member
23:15:55,INFO,Succeded to select value: 2
23:15:55,INFO,Looking for the element: set visa group
23:15:56,INFO,Succeded to find the element set visa group
23:15:58,INFO,Succeded to click set visa group
23:15:58,INFO,Looking for the element: set visa type
23:15:59,INFO,Succeded to find the element set visa type
23:16:01,INFO,Succeded to click set visa type
23:16:01,INFO,Looking for the element: click blue card
23:16:02,INFO,Succeded to find the element click blue card
23:16:04,INFO,Succeded to click click blue card
23:16:04,INFO,Succeded to find the element next button
23:16:06,INFO,Succeded to click next button
23:16:06,INFO,Page is loading
23:16:07,INFO,Page is loading
23:16:08,INFO,Page is loading
23:16:09,INFO,Page is loading
23:16:10,INFO,Page is loading
23:16:11,INFO,No appointment, starting to process again in 15 seconds ...
23:16:27,INFO,Main page is succeed to request
23:16:28,INFO,Succeded to find the element book appointment button
23:16:31,INFO,Succeded to click book appointment button
23:16:31,INFO,Looking for the element: accept terms checkbox
23:16:32,INFO,Succeded to find the element accept terms checkbox
23:16:35,INFO,Succeded to click accept terms checkbox
23:16:35,INFO,Succeded to find the element accept terms button
23:16:37,INFO,Succeded to click accept terms button
23:16:37,INFO,Looking for the element: Citizenship
23:16:38,INFO,Looking for the element: Citizenship
23:16:39,INFO,Looking for the element: Citizenship
23:16:40,INFO,Succeded to find the element Citizenship
23:16:42,INFO,Looking for the element: Citizenship
23:16:43,INFO,Looking for the element: Citizenship
23:16:44,INFO,Succeded to select value: 461
23:16:44,INFO,Succeded to find the element Applications Count
23:16:46,INFO,Succeded to select value: 1
23:16:46,INFO,Succeded to find the element Family member
23:16:49,INFO,Succeded to select value: 2
23:16:49,INFO,Looking for the element: set visa group
23:16:50,INFO,Succeded to find the element set visa group
23:16:52,INFO,Succeded to click set visa group
23:16:52,INFO,Looking for the element: set visa type
23:16:53,INFO,Succeded to find the element set visa type
23:16:55,INFO,Succeded to click set visa type
23:16:55,INFO,Looking for the element: click blue card
23:16:56,INFO,Succeded to find the element click blue card
23:16:58,INFO,Succeded to click click blue card
23:16:58,INFO,Succeded to find the element next button
23:17:00,INFO,Succeded to click next button
23:17:00,INFO,Page is loading
23:17:01,INFO,Page is loading
23:17:02,INFO,Page is loading
23:17:03,INFO,Page is loading
23:17:04,INFO,Page is loading
23:17:05,INFO,Page is loading
23:17:06,INFO,Page is loading
23:17:07,INFO,Page is loading
23:17:08,INFO,Page is loading
23:17:09,INFO,Page is loading
23:17:10,INFO,Page is loading
23:17:11,INFO,Page is loading
23:17:12,INFO,Page is loading
23:17:14,INFO,Page is loading
23:17:15,INFO,Page is loading
23:17:16,INFO,Page is loading
23:17:17,INFO,Page is loading
23:17:18,INFO,Page is loading
23:17:19,INFO,Page is loading
23:17:20,INFO,Page is loading
23:17:21,INFO,Page is loading
23:17:22,INFO,Page is loading
23:17:23,INFO,Page is loading
23:17:24,INFO,Page is loading
23:17:25,INFO,Page is loading
23:17:26,INFO,Page is loading
23:17:27,INFO,Page is loading
23:17:28,INFO,Page is loading
23:17:29,INFO,Page is loading
23:17:30,INFO,Page is loading
23:17:31,INFO,Page is loading
23:17:32,INFO,Page is loading
23:17:33,INFO,Page is loading
23:17:34,INFO,Page is loading
23:17:35,INFO,Page is loading
23:17:36,INFO,Page is loading
23:17:37,INFO,Page is loading
23:17:38,INFO,Page is loading
23:17:39,INFO,Page is loading
23:17:40,INFO,Page is loading
23:17:41,INFO,Page is loading
23:17:42,INFO,Page is loading
23:17:43,INFO,Page is loading
23:17:44,INFO,Page is loading
23:17:45,INFO,Page is loading
23:17:47,INFO,Page is loading
23:17:48,INFO,Page is loading
23:17:49,INFO,Page is loading
23:17:50,INFO,Page is loading
23:17:51,INFO,Page is loading
23:17:52,INFO,Page is loading
23:17:53,INFO,Page is loading
23:17:54,INFO,Page is loading
23:17:55,INFO,Page is loading
23:17:56,INFO,Page is loading
23:17:57,INFO,Page is loading
23:17:58,INFO,Page is loading
23:17:59,INFO,Page is loading
23:18:00,INFO,Page is loading
23:18:01,INFO,Page is loading
23:18:02,INFO,Page is loading
23:18:03,INFO,Page is loading
23:18:04,INFO,Page is loading
23:18:05,INFO,Page is loading
23:18:06,INFO,Page is loading
23:18:07,INFO,Page is loading
23:18:08,INFO,Page is loading
23:18:09,INFO,Page is loading
23:18:10,INFO,Page is loading
23:18:11,INFO,Page is loading
23:18:12,INFO,Page is loading
23:18:13,INFO,Page is loading
23:18:14,INFO,Page is loading
23:18:15,INFO,Page is loading
23:18:16,INFO,Page is loading
23:18:17,INFO,Page is loading
23:18:18,INFO,Page is loading
23:18:19,INFO,Page is loading
23:18:20,INFO,Page is loading
23:18:21,INFO,Page is loading
23:18:22,INFO,Page is loading
23:18:24,INFO,Page is loading
23:18:25,INFO,Page is loading
23:18:26,INFO,Page is loading
23:18:27,INFO,Page is loading
23:18:28,INFO,Page is loading
23:18:29,INFO,Page is loading
23:18:30,INFO,Page is loading
23:18:31,INFO,Page is loading
23:18:32,INFO,Page is loading
23:18:33,INFO,Page is loading
23:18:34,INFO,Page is loading
23:18:35,INFO,Page is loading
23:18:36,INFO,Page is loading
23:18:37,INFO,Page is loading
23:18:38,INFO,Page is loading
23:18:39,INFO,Page is loading
23:18:40,INFO,Page is loading
23:18:41,INFO,Page is loading
23:18:42,INFO,Page is loading
23:18:43,INFO,Page is loading
23:18:44,INFO,Page is loading
23:18:45,INFO,Page is loading
23:18:46,INFO,Page is loading
23:18:47,INFO,Page is loading
23:18:48,INFO,Page is loading
23:18:49,INFO,Page is loading
23:18:50,INFO,Page is loading
23:18:51,INFO,Page is loading
23:18:52,INFO,Page is loading
23:18:54,INFO,Page is loading
23:18:55,INFO,Page is loading
23:18:56,INFO,Page is loading
23:18:57,INFO,Page is loading
23:18:58,INFO,Page is loading
23:18:59,INFO,Page is loading
23:19:00,INFO,Page is loading
23:19:01,INFO,Page is loading
23:19:02,INFO,Page is loading
23:19:03,INFO,Page is loading
23:19:04,INFO,Page is loading
23:19:05,INFO,Page is loading
23:19:06,INFO,Page is loading
23:19:07,INFO,Page is loading
23:19:08,INFO,Page is loading
23:19:09,INFO,Page is loading
23:19:10,INFO,Page is loading
23:19:11,INFO,Page is loading
23:19:12,INFO,Page is loading
23:19:13,INFO,Page is loading
23:19:14,INFO,Page is loading
23:19:15,INFO,Page is loading
23:19:16,INFO,Page is loading
23:19:17,INFO,Page is loading
23:19:18,INFO,Page is loading
23:19:19,INFO,Page is loading
23:19:20,INFO,Page is loading
23:19:21,INFO,Page is loading
23:19:22,INFO,Page is loading
23:19:23,INFO,Page is loading
23:19:24,INFO,Page is loading
23:19:25,INFO,Page is loading
23:19:26,INFO,Page is loading
23:19:27,INFO,Page is loading
23:19:29,INFO,Page is loading
23:19:30,INFO,Page is loading
23:19:31,INFO,Page is loading
23:19:32,INFO,Page is loading
23:19:33,INFO,Page is loading
23:19:34,INFO,Page is loading
23:19:35,INFO,Page is loading
23:19:36,INFO,Page is loading
23:19:37,INFO,Page is loading
23:19:38,INFO,Page is loading
23:19:39,INFO,Page is loading
23:19:40,INFO,Page is loading
23:19:41,INFO,Page is loading
23:19:42,INFO,Page is loading
23:19:43,INFO,Page is loading
23:19:44,INFO,Page is loading
23:19:45,INFO,Page is loading
23:19:46,INFO,Page is loading
23:19:47,INFO,Page is loading
23:19:48,INFO,Page is loading
23:19:49,INFO,Page is loading
23:19:51,INFO,Page is loading
23:19:52,INFO,Page is loading
23:19:53,INFO,Page is loading
23:19:54,INFO,Page is loading
23:19:55,INFO,Page is loading
23:19:56,INFO,Page is loading
23:19:57,INFO,Page is loading
23:19:58,INFO,Page is loading
23:19:59,INFO,Page is loading
23:20:00,INFO,Page is loading
23:20:01,INFO,Page is loading
23:20:02,INFO,Page is loading
23:20:03,INFO,Page is loading
23:20:04,INFO,Page is loading
23:20:05,INFO,Page is loading
23:20:06,INFO,Page is loading
23:20:07,INFO,Page is loading
23:20:08,INFO,Page is loading
23:20:09,INFO,Page is loading
23:20:10,INFO,Page is loading
23:20:11,INFO,Page is loading
23:20:12,INFO,Page is loading
23:20:13,INFO,Page is loading
23:20:14,INFO,Page is loading
23:20:15,INFO,Page is loading
23:20:16,INFO,Page is loading
23:20:17,INFO,Page is loading
23:20:18,INFO,Page is loading
23:20:19,WARNING,Someproblem happend 
23:21:38,INFO,TerminScraper is being initialized
23:21:40,INFO,Main page is succeed to request
23:21:41,INFO,Succeded to find the element book appointment button
23:21:45,INFO,Succeded to click book appointment button
23:21:45,INFO,Looking for the element: accept terms checkbox
23:21:46,INFO,Succeded to find the element accept terms checkbox
23:21:48,INFO,Succeded to click accept terms checkbox
23:21:48,INFO,Succeded to find the element accept terms button
23:21:50,INFO,Succeded to click accept terms button
23:21:50,INFO,Looking for the element: Citizenship
23:21:51,INFO,Looking for the element: Citizenship
23:21:52,INFO,Looking for the element: Citizenship
23:21:53,INFO,Succeded to find the element Citizenship
23:21:55,INFO,Succeded to select value: 461
23:21:55,INFO,Succeded to find the element Applications Count
23:21:57,INFO,Succeded to select value: 1
23:21:57,INFO,Succeded to find the element Family member
23:21:59,INFO,Succeded to select value: 2
23:22:00,INFO,Looking for the element: set visa group
23:22:01,INFO,Succeded to find the element set visa group
23:22:03,INFO,Succeded to click set visa group
23:22:03,INFO,Looking for the element: set visa type
23:22:04,INFO,Succeded to find the element set visa type
23:22:06,INFO,Succeded to click set visa type
23:22:06,INFO,Looking for the element: click blue card
23:22:07,INFO,Succeded to find the element click blue card
23:22:09,INFO,Succeded to click click blue card
23:22:09,INFO,Succeded to find the element next button
23:22:11,INFO,Succeded to click next button
23:22:11,INFO,Page is loading
23:22:12,INFO,Page is loading
23:22:13,INFO,Page is loading
23:22:15,INFO,Page is loading
23:22:16,INFO,No appointment, starting to process again in 15 seconds ...
23:22:31,INFO,Main page is succeed to request
23:22:32,INFO,Succeded to find the element book appointment button
23:22:36,INFO,Succeded to click book appointment button
23:22:36,INFO,Looking for the element: accept terms checkbox
23:22:37,INFO,Succeded to find the element accept terms checkbox
23:22:39,INFO,Succeded to click accept terms checkbox
23:22:39,INFO,Succeded to find the element accept terms button
23:22:41,INFO,Succeded to click accept terms button
23:22:41,INFO,Looking for the element: Citizenship
23:22:42,INFO,Looking for the element: Citizenship
23:22:43,INFO,Looking for the element: Citizenship
23:22:44,INFO,Succeded to find the element Citizenship
23:22:46,INFO,Succeded to select value: 461
23:22:46,INFO,Succeded to find the element Applications Count
23:22:48,INFO,Succeded to select value: 1
23:22:48,INFO,Succeded to find the element Family member
23:22:51,INFO,Succeded to select value: 2
23:22:51,INFO,Looking for the element: set visa group
23:22:52,INFO,Succeded to find the element set visa group
23:22:54,INFO,Succeded to click set visa group
23:22:54,INFO,Looking for the element: set visa type
23:22:55,INFO,Succeded to find the element set visa type
23:22:57,INFO,Succeded to click set visa type
23:22:57,INFO,Looking for the element: click blue card
23:22:58,INFO,Succeded to find the element click blue card
23:23:00,INFO,Succeded to click click blue card
23:23:00,INFO,Succeded to find the element next button
23:23:02,INFO,Succeded to click next button
23:23:02,INFO,Page is loading
23:23:03,INFO,Page is loading
23:23:04,INFO,Page is loading
23:23:06,INFO,Page is loading
23:23:07,INFO,No appointment, starting to process again in 15 seconds ...
23:23:22,INFO,Main page is succeed to request
23:23:23,INFO,Succeded to find the element book appointment button
23:23:27,INFO,Succeded to click book appointment button
23:23:27,INFO,Looking for the element: accept terms checkbox
23:23:28,INFO,Succeded to find the element accept terms checkbox
23:23:30,INFO,Succeded to click accept terms checkbox
23:23:30,INFO,Succeded to find the element accept terms button
23:23:32,INFO,Succeded to click accept terms button
23:23:32,INFO,Looking for the element: Citizenship
23:23:33,INFO,Looking for the element: Citizenship
23:23:34,INFO,Looking for the element: Citizenship
23:23:35,INFO,Succeded to find the element Citizenship
23:23:37,INFO,Looking for the element: Citizenship
23:23:38,INFO,Looking for the element: Citizenship
23:23:40,INFO,Succeded to select value: 461
23:23:40,INFO,Succeded to find the element Applications Count
23:23:42,INFO,Succeded to select value: 1
23:23:42,INFO,Succeded to find the element Family member
23:23:44,INFO,Succeded to select value: 2
23:23:44,INFO,Looking for the element: set visa group
23:23:45,INFO,Succeded to find the element set visa group
23:23:47,INFO,Succeded to click set visa group
23:23:47,INFO,Looking for the element: set visa type
23:23:48,INFO,Succeded to find the element set visa type
23:23:50,INFO,Succeded to click set visa type
23:23:50,INFO,Looking for the element: click blue card
23:23:51,INFO,Succeded to find the element click blue card
23:23:53,INFO,Succeded to click click blue card
23:23:53,INFO,Succeded to find the element next button
23:23:55,INFO,Succeded to click next button
23:23:55,INFO,Page is loading
23:23:56,INFO,Page is loading
23:23:58,INFO,Page is loading
23:23:59,INFO,Page is loading
23:24:00,INFO,Page is loading
23:24:01,INFO,No appointment, starting to process again in 15 seconds ...
23:24:16,INFO,Main page is succeed to request
23:24:17,INFO,Succeded to find the element book appointment button
23:24:21,INFO,Succeded to click book appointment button
23:24:21,INFO,Looking for the element: accept terms checkbox
23:24:22,INFO,Succeded to find the element accept terms checkbox
23:24:24,INFO,Succeded to click accept terms checkbox
23:24:24,INFO,Succeded to find the element accept terms button
23:24:26,INFO,Succeded to click accept terms button
23:24:26,INFO,Looking for the element: Citizenship
23:24:27,INFO,Looking for the element: Citizenship
23:24:28,INFO,Looking for the element: Citizenship
23:24:29,INFO,Succeded to find the element Citizenship
23:24:31,INFO,Looking for the element: Citizenship
23:24:32,INFO,Succeded to select value: 461
23:24:32,INFO,Succeded to find the element Applications Count
23:24:34,INFO,Succeded to select value: 1
23:24:35,INFO,Succeded to find the element Family member
23:24:37,INFO,Succeded to select value: 2
23:24:37,INFO,Looking for the element: set visa group
23:24:38,INFO,Succeded to find the element set visa group
23:24:40,INFO,Succeded to click set visa group
23:24:40,INFO,Looking for the element: set visa type
23:24:41,INFO,Succeded to find the element set visa type
23:24:43,INFO,Succeded to click set visa type
23:24:43,INFO,Looking for the element: click blue card
23:24:44,INFO,Succeded to find the element click blue card
23:24:46,INFO,Succeded to click click blue card
23:24:46,INFO,Succeded to find the element next button
23:24:48,INFO,Succeded to click next button
23:24:48,INFO,Page is loading
23:24:49,INFO,Page is loading
23:24:50,INFO,Page is loading
23:24:51,INFO,Page is loading
23:24:52,INFO,Page is loading
23:24:53,INFO,Page is loading
23:24:55,INFO,Page is loading
23:24:56,INFO,Page is loading
23:24:57,INFO,Page is loading
23:24:58,INFO,Page is loading
23:24:59,INFO,Page is loading
23:25:00,INFO,Page is loading
23:25:01,INFO,Page is loading
23:25:02,INFO,Page is loading
23:25:03,INFO,Page is loading
23:25:04,INFO,Page is loading
23:25:05,INFO,Page is loading
23:25:06,INFO,Page is loading
23:25:07,INFO,Page is loading
23:25:08,INFO,Page is loading
23:25:09,INFO,Page is loading
23:25:10,INFO,Page is loading
23:25:11,INFO,Page is loading
23:25:12,INFO,Page is loading
23:25:13,INFO,Page is loading
23:25:14,INFO,Page is loading
23:25:15,INFO,Page is loading
23:25:16,INFO,Page is loading
23:25:17,INFO,Page is loading
23:25:18,INFO,Page is loading
23:25:19,INFO,Page is loading
23:25:20,INFO,Page is loading
23:25:21,INFO,Page is loading
23:25:22,INFO,Page is loading
23:25:23,INFO,Page is loading
23:25:24,INFO,Page is loading
23:25:25,INFO,Page is loading
23:25:26,INFO,Page is loading
23:25:28,INFO,Page is loading
23:25:29,INFO,Page is loading
23:25:30,INFO,Page is loading
23:25:31,INFO,Page is loading
23:25:32,INFO,Page is loading
23:25:33,INFO,Page is loading
23:25:34,INFO,Page is loading
23:25:35,INFO,Page is loading
23:25:36,INFO,Page is loading
23:25:37,INFO,Page is loading
23:25:38,INFO,Page is loading
23:25:39,INFO,Page is loading
23:25:40,INFO,Page is loading
23:25:41,INFO,Page is loading
23:25:42,INFO,Page is loading
23:25:43,INFO,Page is loading
23:25:44,INFO,Page is loading
23:25:45,INFO,Page is loading
23:25:46,INFO,Page is loading
23:25:47,INFO,Page is loading
23:25:48,INFO,Page is loading
23:25:49,INFO,Page is loading
23:25:50,INFO,Page is loading
23:25:51,INFO,Page is loading
23:25:52,INFO,Page is loading
23:25:53,INFO,Page is loading
23:25:54,INFO,Page is loading
23:25:55,INFO,Page is loading
23:25:56,INFO,Page is loading
23:25:57,INFO,Page is loading
23:25:58,INFO,Page is loading
23:25:59,INFO,Page is loading
23:26:01,INFO,Page is loading
23:26:02,INFO,Page is loading
23:26:03,INFO,Page is loading
23:26:04,INFO,Page is loading
23:26:05,INFO,Page is loading
23:26:06,INFO,Page is loading
23:26:07,INFO,Page is loading
23:26:08,INFO,Page is loading
23:26:09,INFO,Page is loading
23:26:10,INFO,Page is loading
23:26:11,INFO,Page is loading
23:26:12,INFO,Page is loading
23:26:13,INFO,Page is loading
23:26:14,INFO,Page is loading
23:26:15,INFO,Page is loading
23:26:16,INFO,Page is loading
23:26:17,INFO,Page is loading
23:26:18,INFO,Page is loading
23:26:19,INFO,Page is loading
23:26:20,INFO,Page is loading
23:26:21,INFO,Page is loading
23:26:22,INFO,Page is loading
23:26:23,INFO,Page is loading
23:26:24,INFO,Page is loading
23:26:25,INFO,Page is loading
23:26:26,INFO,Page is loading
23:26:27,INFO,Page is loading
23:26:28,INFO,Page is loading
23:26:29,INFO,Page is loading
23:26:30,INFO,Page is loading
23:26:31,INFO,Page is loading
23:26:33,INFO,Page is loading
23:26:34,INFO,Page is loading
23:26:35,INFO,Page is loading
23:26:36,INFO,Page is loading
23:26:37,INFO,Page is loading
23:26:38,INFO,Page is loading
23:26:39,INFO,Page is loading
23:26:40,INFO,Page is loading
23:26:41,INFO,Page is loading
23:26:42,INFO,Page is loading
23:26:43,INFO,Page is loading
23:26:44,INFO,Page is loading
23:26:45,INFO,Page is loading
23:26:46,INFO,Page is loading
23:26:47,INFO,Page is loading
23:26:48,INFO,Page is loading
23:26:49,INFO,Page is loading
23:26:50,INFO,Page is loading
23:26:51,INFO,Page is loading
23:26:52,INFO,Page is loading
23:26:53,INFO,Page is loading
23:26:54,INFO,Page is loading
23:26:55,INFO,Page is loading
23:26:56,INFO,Page is loading
23:26:57,INFO,Page is loading
23:26:58,INFO,Page is loading
23:26:59,INFO,Page is loading
23:27:00,INFO,Page is loading
23:27:01,INFO,Page is loading
23:27:02,INFO,Page is loading
23:27:03,INFO,Page is loading
23:27:05,INFO,Page is loading
23:27:06,INFO,Page is loading
23:27:07,INFO,Page is loading
23:27:08,INFO,Page is loading
23:27:09,INFO,Page is loading
23:27:10,INFO,Page is loading
23:27:11,INFO,Page is loading
23:27:12,INFO,Page is loading
23:27:13,INFO,Page is loading
23:27:14,INFO,Page is loading
23:27:15,INFO,Page is loading
23:27:16,INFO,Page is loading
23:27:17,INFO,Page is loading
23:27:18,INFO,Page is loading
23:27:19,INFO,Page is loading
23:27:20,INFO,Page is loading
23:27:21,INFO,Page is loading
23:27:22,INFO,Page is loading
23:27:23,INFO,Page is loading
23:27:24,INFO,Page is loading
23:27:25,INFO,Page is loading
23:27:26,INFO,Page is loading
23:27:27,INFO,Page is loading
23:27:28,INFO,Page is loading
23:27:29,INFO,Page is loading
23:27:30,INFO,Page is loading
23:27:31,INFO,Page is loading
23:27:32,INFO,Page is loading
23:27:33,INFO,Page is loading
23:27:34,INFO,Page is loading
23:27:35,INFO,Page is loading
23:27:37,INFO,Page is loading
23:27:38,INFO,Page is loading
23:27:39,INFO,Page is loading
23:27:40,INFO,Page is loading
23:27:41,INFO,Page is loading
23:27:42,INFO,Page is loading
23:27:43,INFO,Page is loading
23:27:44,INFO,Page is loading
23:27:45,INFO,Page is loading
23:27:46,INFO,Page is loading
23:27:47,INFO,Page is loading
23:27:48,INFO,Page is loading
23:27:49,INFO,Page is loading
23:27:50,INFO,Page is loading
23:27:51,INFO,Page is loading
23:27:52,INFO,Page is loading
23:27:53,INFO,Page is loading
23:27:54,INFO,Page is loading
23:27:55,INFO,Page is loading
23:27:56,INFO,Page is loading
23:27:57,INFO,Page is loading
23:27:58,INFO,Page is loading
23:27:59,INFO,Page is loading
23:28:00,INFO,Page is loading
23:28:01,INFO,Page is loading
23:28:02,INFO,Page is loading
23:28:03,INFO,Page is loading
23:28:04,INFO,Page is loading
23:28:05,INFO,Page is loading
23:28:06,INFO,Page is loading
23:28:07,INFO,Page is loading
23:28:09,INFO,Page is loading
23:28:10,INFO,Page is loading
23:28:11,INFO,Page is loading
23:28:12,INFO,Page is loading
23:28:13,INFO,Page is loading
23:28:14,INFO,Page is loading
23:28:15,INFO,Page is loading
23:28:16,INFO,Page is loading
23:28:17,INFO,Page is loading
23:28:18,INFO,Page is loading
23:28:19,INFO,Page is loading
23:28:20,INFO,Page is loading
23:28:21,INFO,Page is loading
23:28:22,INFO,Page is loading
23:28:23,INFO,Page is loading
23:28:24,INFO,Page is loading
23:28:25,INFO,Page is loading
23:28:26,INFO,Page is loading
23:28:27,INFO,Page is loading
23:28:28,INFO,Page is loading
23:28:29,INFO,Page is loading
23:28:30,INFO,Page is loading
23:28:31,INFO,Page is loading
23:28:32,INFO,Page is loading
23:28:33,INFO,Page is loading
23:28:34,INFO,Page is loading
23:28:35,INFO,Page is loading
23:28:36,INFO,Page is loading
23:28:37,INFO,Page is loading
23:28:38,INFO,Page is loading
23:28:39,INFO,Page is loading
23:28:40,INFO,Page is loading
23:28:41,INFO,Page is loading
23:28:42,INFO,Page is loading
23:28:43,INFO,Page is loading
23:28:44,INFO,Page is loading
23:28:45,INFO,Page is loading
23:28:46,INFO,Page is loading
23:28:48,INFO,Page is loading
23:28:49,INFO,Page is loading
23:28:50,INFO,Page is loading
23:28:51,INFO,Page is loading
23:28:52,INFO,Page is loading
23:28:53,INFO,Page is loading
23:28:54,INFO,Page is loading
23:28:55,INFO,Page is loading
23:28:56,INFO,Page is loading
23:28:57,INFO,Page is loading
23:28:58,INFO,Page is loading
23:28:59,INFO,Page is loading
23:29:00,INFO,Page is loading
23:29:01,INFO,Page is loading
23:29:02,INFO,Page is loading
23:29:03,INFO,Page is loading
23:29:04,INFO,Page is loading
23:29:05,INFO,Page is loading
23:29:06,INFO,Page is loading
23:29:07,INFO,Page is loading
23:29:08,INFO,Page is loading
23:29:09,INFO,Page is loading
23:29:10,INFO,Page is loading
23:29:11,INFO,Page is loading
23:29:12,INFO,Page is loading
23:29:13,INFO,Page is loading
23:29:14,INFO,Page is loading
23:29:15,INFO,Page is loading
23:29:16,INFO,Page is loading
23:29:17,INFO,Page is loading
23:29:18,INFO,Page is loading
23:29:19,INFO,Page is loading
23:29:20,INFO,Page is loading
23:29:21,INFO,Page is loading
23:29:22,INFO,Page is loading
23:29:23,INFO,Page is loading
23:29:24,INFO,Page is loading
23:29:25,INFO,Page is loading
23:29:26,INFO,Page is loading
23:29:27,INFO,Page is loading
23:29:28,INFO,Page is loading
23:29:29,INFO,Page is loading
23:29:30,INFO,Page is loading
23:29:31,INFO,Page is loading
23:29:32,INFO,Page is loading
23:29:34,INFO,Page is loading
23:29:35,INFO,Page is loading
23:29:36,INFO,Page is loading
23:29:37,INFO,Page is loading
23:29:38,INFO,Page is loading
23:29:39,INFO,Page is loading
23:29:40,INFO,Page is loading
23:29:41,INFO,Page is loading
23:29:42,INFO,Page is loading
23:29:43,INFO,Page is loading
23:29:44,INFO,Page is loading
23:29:45,INFO,Page is loading
23:29:46,INFO,Page is loading
23:29:47,INFO,Page is loading
23:29:48,INFO,Page is loading
23:29:49,INFO,Page is loading
23:29:50,INFO,Page is loading
23:29:51,INFO,Page is loading
23:29:52,INFO,Page is loading
23:29:53,INFO,Page is loading
23:29:54,INFO,Page is loading
23:29:55,INFO,Page is loading
23:29:56,INFO,Page is loading
23:29:57,INFO,Page is loading
23:29:58,INFO,Page is loading
23:29:59,INFO,Page is loading
23:30:00,INFO,Page is loading
23:30:01,INFO,Page is loading
23:30:02,INFO,Page is loading
23:30:04,INFO,Page is loading
23:30:05,INFO,Page is loading
23:30:06,INFO,Page is loading
23:30:07,INFO,Page is loading
23:30:08,INFO,Page is loading
23:30:09,INFO,Page is loading
23:30:10,INFO,Page is loading
23:30:11,INFO,Page is loading
23:30:12,INFO,Page is loading
23:30:13,INFO,Page is loading
23:30:14,INFO,Page is loading
23:30:15,INFO,Page is loading
23:30:16,INFO,Page is loading
23:30:17,INFO,Page is loading
23:30:18,INFO,Page is loading
23:30:19,INFO,Page is loading
23:30:20,INFO,Page is loading
23:30:21,INFO,Page is loading
23:30:22,INFO,Page is loading
23:30:23,INFO,Page is loading
23:30:24,INFO,Page is loading
23:30:25,INFO,Page is loading
23:30:26,INFO,Page is loading
23:30:27,INFO,Page is loading
23:30:28,INFO,Page is loading
23:30:29,INFO,Page is loading
23:30:30,INFO,Page is loading
23:30:31,INFO,Page is loading
23:30:32,INFO,Page is loading
23:30:33,INFO,Page is loading
23:30:34,INFO,Page is loading
23:30:35,INFO,Page is loading
23:30:36,INFO,Page is loading
23:30:37,INFO,Page is loading
23:30:38,INFO,Page is loading
23:30:39,INFO,Page is loading
23:30:40,INFO,Page is loading
23:30:42,INFO,Page is loading
23:30:43,INFO,Page is loading
23:30:44,INFO,Page is loading
23:30:45,INFO,Page is loading
23:30:46,INFO,Page is loading
23:30:47,INFO,Page is loading
23:30:48,INFO,Page is loading
23:30:49,INFO,Page is loading
23:30:50,INFO,Page is loading
23:30:51,INFO,Page is loading
23:30:52,INFO,Page is loading
23:30:53,INFO,Page is loading
23:30:54,INFO,Page is loading
23:30:55,INFO,Page is loading
23:30:56,INFO,Page is loading
23:30:57,INFO,Page is loading
23:30:58,INFO,Page is loading
23:30:59,INFO,Page is loading
23:31:00,INFO,Page is loading
23:31:01,INFO,Page is loading
23:31:02,INFO,Page is loading
23:31:03,INFO,Page is loading
23:31:04,INFO,Page is loading
23:31:05,INFO,Page is loading
23:31:06,INFO,Page is loading
23:31:07,INFO,Page is loading
23:31:08,INFO,Page is loading
23:31:09,INFO,Page is loading
23:31:10,INFO,Page is loading
23:31:11,INFO,Page is loading
23:31:12,INFO,Page is loading
23:31:14,INFO,Page is loading
23:31:15,INFO,Page is loading
23:31:16,INFO,Page is loading
23:31:17,INFO,Page is loading
23:31:18,INFO,Page is loading
23:31:19,INFO,Page is loading
23:31:20,INFO,Page is loading
23:31:21,INFO,Page is loading
23:31:22,INFO,Page is loading
23:31:23,INFO,Page is loading
23:31:24,INFO,Page is loading
23:31:25,INFO,Page is loading
23:31:26,INFO,Page is loading
23:31:27,INFO,Page is loading
23:31:28,INFO,Page is loading
23:31:29,INFO,Page is loading
23:31:30,INFO,Page is loading
23:31:31,INFO,Page is loading
23:31:32,INFO,Page is loading
23:31:33,INFO,Page is loading
23:31:34,INFO,Page is loading
23:31:35,INFO,Page is loading
23:31:36,INFO,Page is loading
23:31:37,INFO,Page is loading
23:31:38,INFO,Page is loading
23:31:39,INFO,Page is loading
23:31:40,INFO,Page is loading
23:31:41,INFO,Page is loading
23:31:42,INFO,Page is loading
23:31:43,INFO,Page is loading
23:31:44,INFO,Page is loading
23:31:46,INFO,Page is loading
23:31:47,INFO,Page is loading
23:31:48,INFO,Page is loading
23:31:49,INFO,Page is loading
23:31:50,INFO,Page is loading
23:31:51,INFO,Page is loading
23:31:52,INFO,Page is loading
23:31:53,INFO,Page is loading
23:31:54,INFO,Page is loading
23:31:55,INFO,Page is loading
23:31:56,INFO,Page is loading
23:31:57,INFO,Page is loading
23:31:58,INFO,Page is loading
23:31:59,INFO,Page is loading
23:32:00,INFO,Page is loading
23:32:01,INFO,Page is loading
23:32:02,INFO,Page is loading
23:32:03,INFO,Page is loading
23:32:04,INFO,Page is loading
23:32:05,INFO,Page is loading
23:32:06,INFO,Page is loading
23:32:07,INFO,Page is loading
23:32:08,INFO,Page is loading
23:32:09,INFO,Page is loading
23:32:10,INFO,Page is loading
23:32:11,INFO,Page is loading
23:32:12,INFO,Page is loading
23:32:13,INFO,Page is loading
23:32:14,INFO,Page is loading
23:32:15,INFO,Page is loading
23:32:17,INFO,Page is loading
23:32:18,INFO,Page is loading
23:32:19,INFO,Page is loading
23:32:20,INFO,Page is loading
23:32:21,INFO,Page is loading
23:32:22,INFO,Page is loading
23:32:23,INFO,Page is loading
23:32:24,INFO,Page is loading
23:32:25,INFO,Page is loading
23:32:26,INFO,Page is loading
23:32:27,INFO,Page is loading
23:32:28,INFO,Page is loading
23:32:29,INFO,Page is loading
23:32:30,INFO,Page is loading
23:32:31,INFO,Page is loading
23:32:32,INFO,Page is loading
23:32:33,INFO,Page is loading
23:32:34,INFO,Page is loading
23:32:35,INFO,Page is loading
23:32:36,INFO,Page is loading
23:32:37,INFO,Page is loading
23:32:38,INFO,Page is loading
23:32:39,INFO,Page is loading
23:32:40,INFO,Page is loading
23:32:41,INFO,Page is loading
23:32:42,INFO,Page is loading
23:32:43,INFO,Page is loading
23:32:44,INFO,Page is loading
23:32:45,INFO,Page is loading
23:32:46,INFO,Page is loading
23:32:47,INFO,Page is loading
23:32:49,INFO,Page is loading
23:32:50,INFO,Page is loading
23:32:51,INFO,Page is loading
23:32:52,INFO,Page is loading
23:32:53,INFO,Page is loading
23:32:54,INFO,Page is loading
23:32:55,INFO,Page is loading
23:32:56,INFO,Page is loading
23:32:57,INFO,Page is loading
23:32:58,INFO,Page is loading
23:32:59,INFO,Page is loading
23:33:00,INFO,Page is loading
23:33:01,INFO,Page is loading
23:33:02,INFO,Page is loading
23:33:03,INFO,Page is loading
23:33:04,INFO,Page is loading
23:33:05,INFO,Page is loading
23:33:06,INFO,Page is loading
23:33:07,INFO,Page is loading
23:33:08,INFO,Page is loading
23:33:09,INFO,Page is loading
23:33:10,INFO,Page is loading
23:33:11,INFO,Page is loading
23:33:12,INFO,Page is loading
23:33:13,INFO,Page is loading
23:33:14,INFO,Page is loading
23:33:15,INFO,Page is loading
23:33:16,INFO,Page is loading
23:33:17,INFO,Page is loading
23:33:18,INFO,Page is loading
23:33:20,INFO,Page is loading
23:33:21,INFO,Page is loading
23:33:22,INFO,Page is loading
23:33:23,INFO,Page is loading
23:33:24,INFO,Page is loading
23:33:25,INFO,Page is loading
23:33:26,INFO,Page is loading
23:33:27,INFO,Page is loading
23:33:28,INFO,Page is loading
23:33:29,INFO,Page is loading
23:33:30,INFO,Page is loading
23:33:31,INFO,Page is loading
23:33:32,INFO,Page is loading
23:33:33,INFO,Page is loading
23:33:34,INFO,Page is loading
23:33:35,INFO,Page is loading
23:33:36,INFO,Page is loading
23:33:37,INFO,Page is loading
23:33:38,INFO,Page is loading
23:33:39,INFO,Page is loading
23:33:40,INFO,Page is loading
23:33:41,INFO,Page is loading
23:33:42,INFO,Page is loading
23:33:43,INFO,Page is loading
23:33:44,INFO,Page is loading
23:33:45,INFO,Page is loading
23:33:46,INFO,Page is loading
23:33:47,INFO,Page is loading
23:33:48,INFO,Page is loading
23:33:49,INFO,Page is loading
23:33:50,INFO,Page is loading
23:33:52,INFO,Page is loading
23:33:53,INFO,Page is loading
23:33:54,INFO,Page is loading
23:33:55,INFO,Page is loading
23:33:56,INFO,Page is loading
23:33:57,INFO,Page is loading
23:33:58,INFO,Page is loading
23:33:59,INFO,Page is loading
23:34:00,INFO,Page is loading
23:34:01,INFO,Page is loading
23:34:02,INFO,Page is loading
23:34:03,INFO,Page is loading
23:34:04,INFO,Page is loading
23:34:05,INFO,Page is loading
23:34:06,INFO,Page is loading
23:34:07,INFO,Page is loading
23:34:08,INFO,Page is loading
23:34:09,INFO,Page is loading
23:34:10,INFO,Page is loading
23:34:11,INFO,Page is loading
23:34:12,INFO,Page is loading
23:34:13,INFO,Page is loading
23:34:14,INFO,Page is loading
23:34:15,INFO,Page is loading
23:34:16,INFO,Page is loading
23:34:17,INFO,Page is loading
23:34:18,INFO,Page is loading
23:34:19,INFO,Page is loading
23:34:20,INFO,Page is loading
23:34:21,INFO,Page is loading
23:34:23,INFO,Page is loading
23:34:24,INFO,Page is loading
23:34:25,INFO,Page is loading
23:34:26,INFO,Page is loading
23:34:27,INFO,Page is loading
23:34:28,INFO,Page is loading
23:34:29,INFO,Page is loading
23:34:30,INFO,Page is loading
23:34:31,INFO,Page is loading
23:34:32,INFO,Page is loading
23:34:33,INFO,Page is loading
23:34:34,INFO,Page is loading
23:34:35,INFO,Page is loading
23:34:36,INFO,Page is loading
23:34:37,INFO,Page is loading
23:34:38,INFO,Page is loading
23:34:39,INFO,Page is loading
23:34:40,INFO,Page is loading
23:34:41,INFO,Page is loading
23:34:42,INFO,Page is loading
23:34:43,INFO,Page is loading
23:34:44,INFO,Page is loading
23:34:45,INFO,Page is loading
23:34:46,INFO,Page is loading
23:34:47,INFO,Page is loading
23:34:48,INFO,Page is loading
23:34:49,INFO,Page is loading
23:34:50,INFO,Page is loading
23:34:51,INFO,Page is loading
23:34:52,INFO,Page is loading
23:34:53,INFO,Page is loading
23:34:54,INFO,Page is loading
23:34:55,INFO,Page is loading
23:34:57,INFO,Page is loading
23:34:58,INFO,Page is loading
23:34:59,INFO,Page is loading
23:35:00,INFO,Page is loading
23:35:01,INFO,Page is loading
23:35:02,INFO,Page is loading
23:35:03,INFO,Page is loading
23:35:04,INFO,Page is loading
23:35:05,INFO,Page is loading
23:35:06,INFO,Page is loading
23:35:07,INFO,Page is loading
23:35:08,INFO,Page is loading
23:35:09,INFO,Page is loading
23:35:10,INFO,Page is loading
23:35:11,INFO,Page is loading
23:35:12,INFO,Page is loading
23:35:13,INFO,Page is loading
23:35:14,INFO,Page is loading
23:35:15,INFO,Page is loading
23:35:16,INFO,Page is loading
23:35:17,INFO,Page is loading
23:35:18,INFO,Page is loading
23:35:19,INFO,Page is loading
23:35:20,INFO,Page is loading
23:35:21,INFO,Page is loading
23:35:22,INFO,Page is loading
23:35:23,INFO,Page is loading
23:35:24,INFO,Page is loading
23:35:25,INFO,Page is loading
23:35:26,INFO,Page is loading
23:35:27,INFO,Page is loading
23:35:28,INFO,Page is loading
23:35:30,INFO,Page is loading
23:35:31,INFO,Page is loading
23:35:32,INFO,Page is loading
23:35:33,INFO,Page is loading
23:35:34,INFO,Page is loading
23:35:35,INFO,Page is loading
23:35:36,INFO,Page is loading
23:35:37,INFO,Page is loading
23:35:38,INFO,Page is loading
23:35:39,INFO,Page is loading
23:35:40,INFO,Page is loading
23:35:41,INFO,Page is loading
23:35:42,INFO,Page is loading
23:35:43,INFO,Page is loading
23:35:44,INFO,Page is loading
23:35:45,INFO,Page is loading
23:35:46,INFO,Page is loading
23:35:47,INFO,Page is loading
23:35:48,INFO,Page is loading
23:35:49,INFO,Page is loading
23:35:50,INFO,Page is loading
23:35:51,INFO,Page is loading
23:35:52,INFO,Page is loading
23:35:53,INFO,Page is loading
23:35:54,INFO,Page is loading
23:35:55,INFO,Page is loading
23:35:56,INFO,Page is loading
23:35:57,INFO,Page is loading
23:35:58,INFO,Page is loading
23:35:59,INFO,Page is loading
23:36:00,INFO,Page is loading
23:36:01,INFO,Page is loading
23:36:03,INFO,Page is loading
23:36:04,INFO,Page is loading
23:36:05,INFO,Page is loading
23:36:06,INFO,Page is loading
23:36:07,INFO,Page is loading
23:36:08,INFO,Page is loading
23:36:09,INFO,Page is loading
23:36:10,INFO,Page is loading
23:36:11,INFO,Page is loading
23:36:12,INFO,Page is loading
23:36:13,INFO,Page is loading
23:36:14,INFO,Page is loading
23:36:15,INFO,Page is loading
23:36:16,INFO,Page is loading
23:36:17,INFO,Page is loading
23:36:18,INFO,Page is loading
23:36:19,INFO,Page is loading
23:36:20,INFO,Page is loading
23:36:21,INFO,Page is loading
23:36:22,INFO,Page is loading
23:36:23,INFO,Page is loading
23:36:24,INFO,Page is loading
23:36:25,WARNING,Someproblem happend 
23:36:49,INFO,TerminScraper is being initialized
23:36:56,INFO,Main page is succeed to request
23:36:57,INFO,Succeded to find the element book appointment button
23:37:01,INFO,Succeded to click book appointment button
23:37:01,INFO,Looking for the element: accept terms checkbox
23:37:02,INFO,Looking for the element: accept terms checkbox
23:37:03,INFO,Succeded to find the element accept terms checkbox
23:37:05,INFO,Element:accept terms checkbox is not Interactable yet
23:37:06,INFO,Element:accept terms checkbox is not Interactable yet
23:37:07,INFO,Element:accept terms checkbox is not Interactable yet
23:37:08,INFO,Succeded to click accept terms checkbox
23:37:08,INFO,Succeded to find the element accept terms button
23:37:10,INFO,Succeded to click accept terms button
23:37:10,INFO,Looking for the element: Citizenship
23:37:11,INFO,Looking for the element: Citizenship
23:37:13,INFO,Looking for the element: Citizenship
23:37:14,INFO,Succeded to find the element Citizenship
23:37:16,INFO,Looking for the element: Citizenship
23:37:17,INFO,Looking for the element: Citizenship
23:37:18,INFO,Succeded to select value: 461
23:37:18,INFO,Succeded to find the element Applications Count
23:37:20,INFO,Succeded to select value: 1
23:37:20,INFO,Succeded to find the element Family member
23:37:22,INFO,Succeded to select value: 2
23:37:22,INFO,Looking for the element: set visa group
23:37:23,INFO,Succeded to find the element set visa group
23:37:26,INFO,Succeded to click set visa group
23:37:26,INFO,Looking for the element: set visa type
23:37:27,INFO,Succeded to find the element set visa type
23:37:29,INFO,Succeded to click set visa type
23:37:29,INFO,Looking for the element: click blue card
23:37:30,INFO,Succeded to find the element click blue card
23:37:32,INFO,Succeded to click click blue card
23:37:32,INFO,Succeded to find the element next button
23:37:34,INFO,Succeded to click next button
23:37:34,INFO,Page is loading
23:37:35,INFO,Page is loading
23:37:36,INFO,Page is loading
23:37:37,INFO,Page is loading
23:37:38,INFO,No appointment, starting to process again in 25 seconds ...
23:38:04,INFO,Main page is succeed to request
23:38:05,INFO,Succeded to find the element book appointment button
23:38:08,INFO,Succeded to click book appointment button
23:38:09,INFO,Looking for the element: accept terms checkbox
23:38:10,INFO,Succeded to find the element accept terms checkbox
23:38:12,INFO,Element:accept terms checkbox is not Interactable yet
23:38:13,INFO,Succeded to click accept terms checkbox
23:38:13,INFO,Succeded to find the element accept terms button
23:38:15,INFO,Succeded to click accept terms button
23:38:15,INFO,Looking for the element: Citizenship
23:38:16,INFO,Looking for the element: Citizenship
23:38:17,INFO,Looking for the element: Citizenship
23:38:18,INFO,Succeded to find the element Citizenship
23:38:20,INFO,Looking for the element: Citizenship
23:38:21,INFO,Succeded to select value: 461
23:38:21,INFO,Succeded to find the element Applications Count
23:38:23,INFO,Succeded to select value: 1
23:38:23,INFO,Succeded to find the element Family member
23:38:26,INFO,Succeded to select value: 2
23:38:26,INFO,Looking for the element: set visa group
23:38:27,INFO,Succeded to find the element set visa group
23:38:29,INFO,Succeded to click set visa group
23:38:29,INFO,Looking for the element: set visa type
23:38:30,INFO,Succeded to find the element set visa type
23:38:32,INFO,Succeded to click set visa type
23:38:32,INFO,Looking for the element: click blue card
23:38:33,INFO,Succeded to find the element click blue card
23:38:35,INFO,Succeded to click click blue card
23:38:35,INFO,Succeded to find the element next button
23:38:37,INFO,Succeded to click next button
23:38:37,INFO,Page is loading
23:38:38,INFO,Page is loading
23:38:39,INFO,Page is loading
23:38:40,INFO,Page is loading
23:38:41,INFO,No appointment, starting to process again in 25 seconds ...
